<?xml version="1.0" ?>
<!DOCTYPE coverage SYSTEM "http://cobertura.sourceforge.net/xml/coverage-04.dtd">
<coverage lines-valid="1" lines-covered="1" line-rate="1" branches-valid="0" branches-covered="0" branch-rate="1" timestamp="1674470885615" complexity="0" version="0.1">
  <sources>
    <source>/Users/ruijie/Desktop/packages/TEMPALTE-LIB-ROLLUP</source>
  </sources>
  <packages>
    <package name="main" line-rate="1" branch-rate="1">
      <classes>
        <class name="index.ts" filename="src/index.ts" line-rate="1" branch-rate="1">
          <methods>
            <method name="sum" hits="1" signature="()V">
              <lines>
                <line number="1" hits="1"/>
              </lines>
            </method>
          </methods>
          <lines>
            <line number="2" hits="1" branch="false"/>
          </lines>
        </class>
      </classes>
    </package>
  </packages>
</coverage>
